Using pre-set license
Built from '2021.3/evg/staging/82bb020e-b03b1330/draft-0' branch; Version is '2021.3.16f1 (4016570cf34f) revision 4200023'; Using compiler version '192829333'; Build Type 'Release'
OS: 'Windows 10  (10.0.19045) 64bit Core' Language: 'ru' Physical Memory: 32536 MB
BatchMode: 1, IsHumanControllingUs: 0, StartBugReporterOnCrash: 0, Is64bit: 1, IsPro: 1

COMMAND LINE ARGUMENTS:
D:\UnityVersions\2021.3.16f1\Editor\Unity.exe
-adb2
-batchMode
-noUpm
-name
AssetImportWorker0
-projectPath
D:/Unity Projects/LUDUM-XP222GAME/LUDUMDARE_XPXPXPXP
-logFile
Logs/AssetImportWorker0.log
-srvPort
59274
Successfully changed project path to: D:/Unity Projects/LUDUM-XP222GAME/LUDUMDARE_XPXPXPXP
D:/Unity Projects/LUDUM-XP222GAME/LUDUMDARE_XPXPXPXP
[UnityMemory] Configuration Parameters - Can be set up in boot.config
    "memorysetup-bucket-allocator-granularity=16"
    "memorysetup-bucket-allocator-bucket-count=8"
    "memorysetup-bucket-allocator-block-size=33554432"
    "memorysetup-bucket-allocator-block-count=8"
    "memorysetup-main-allocator-block-size=16777216"
    "memorysetup-thread-allocator-block-size=16777216"
    "memorysetup-gfx-main-allocator-block-size=16777216"
    "memorysetup-gfx-thread-allocator-block-size=16777216"
    "memorysetup-cache-allocator-block-size=4194304"
    "memorysetup-typetree-allocator-block-size=2097152"
    "memorysetup-profiler-bucket-allocator-granularity=16"
    "memorysetup-profiler-bucket-allocator-bucket-count=8"
    "memorysetup-profiler-bucket-allocator-block-size=33554432"
    "memorysetup-profiler-bucket-allocator-block-count=8"
    "memorysetup-profiler-allocator-block-size=16777216"
    "memorysetup-profiler-editor-allocator-block-size=1048576"
    "memorysetup-temp-allocator-size-main=16777216"
    "memorysetup-job-temp-allocator-block-size=2097152"
    "memorysetup-job-temp-allocator-block-size-background=1048576"
    "memorysetup-job-temp-allocator-reduction-small-platforms=262144"
    "memorysetup-temp-allocator-size-background-worker=32768"
    "memorysetup-temp-allocator-size-job-worker=262144"
    "memorysetup-temp-allocator-size-preload-manager=33554432"
    "memorysetup-temp-allocator-size-nav-mesh-worker=65536"
    "memorysetup-temp-allocator-size-audio-worker=65536"
    "memorysetup-temp-allocator-size-cloud-worker=32768"
    "memorysetup-temp-allocator-size-gi-baking-worker=262144"
    "memorysetup-temp-allocator-size-gfx=262144"
Player connection [20260] Host "[IP] 192.168.100.19 [Port] 0 [Flags] 2 [Guid] 21589488 [EditorId] 21589488 [Version] 1048832 [Id] WindowsEditor(7,DESKTOP-KL6D0JQ) [Debug] 1 [PackageName] WindowsEditor [ProjectName] Editor" joined multi-casting on [225.0.0.222:54997]...

Player connection [20260] Host "[IP] 192.168.100.19 [Port] 0 [Flags] 2 [Guid] 21589488 [EditorId] 21589488 [Version] 1048832 [Id] WindowsEditor(7,DESKTOP-KL6D0JQ) [Debug] 1 [PackageName] WindowsEditor [ProjectName] Editor" joined alternative multi-casting on [225.0.0.222:34997]...

Refreshing native plugins compatible for Editor in 105.60 ms, found 3 plugins.
Preloading 0 native plugins for Editor in 0.00 ms.
Initialize engine version: 2021.3.16f1 (4016570cf34f)
[Subsystems] Discovering subsystems at path D:/UnityVersions/2021.3.16f1/Editor/Data/Resources/UnitySubsystems
[Subsystems] Discovering subsystems at path D:/Unity Projects/LUDUM-XP222GAME/LUDUMDARE_XPXPXPXP/Assets
GfxDevice: creating device client; threaded=0; jobified=0
Direct3D:
    Version:  Direct3D 11.0 [level 11.1]
    Renderer: NVIDIA GeForce RTX 3080 (ID=0x2206)
    Vendor:   NVIDIA
    VRAM:     10067 MB
    Driver:   31.0.15.3742
Initialize mono
Mono path[0] = 'D:/UnityVersions/2021.3.16f1/Editor/Data/Managed'
Mono path[1] = 'D:/UnityVersions/2021.3.16f1/Editor/Data/MonoBleedingEdge/lib/mono/unityjit-win32'
Mono config path = 'D:/UnityVersions/2021.3.16f1/Editor/Data/MonoBleedingEdge/etc'
Using monoOptions --debugger-agent=transport=dt_socket,embedding=1,server=y,suspend=n,address=127.0.0.1:56468
Begin MonoManager ReloadAssembly
Registering precompiled unity dll's ...
Register platform support module: D:/UnityVersions/2021.3.16f1/Editor/Data/PlaybackEngines/WebGLSupport/UnityEditor.WebGL.Extensions.dll
Register platform support module: D:/UnityVersions/2021.3.16f1/Editor/Data/PlaybackEngines/WindowsStandaloneSupport/UnityEditor.WindowsStandalone.Extensions.dll
Registered in 0.003853 seconds.
Native extension for WindowsStandalone target not found
Native extension for WebGL target not found
Refreshing native plugins compatible for Editor in 106.14 ms, found 3 plugins.
Preloading 0 native plugins for Editor in 0.00 ms.
Mono: successfully reloaded assembly
- Completed reload, in  0.836 seconds
Domain Reload Profiling:
	ReloadAssembly (837ms)
		BeginReloadAssembly (95ms)
			ExecutionOrderSort (0ms)
			DisableScriptedObjects (0ms)
			BackupInstance (0ms)
			ReleaseScriptingObjects (0ms)
			CreateAndSetChildDomain (1ms)
		EndReloadAssembly (605ms)
			LoadAssemblies (94ms)
			RebuildTransferFunctionScriptingTraits (0ms)
			SetupTypeCache (139ms)
			ReleaseScriptCaches (0ms)
			RebuildScriptCaches (45ms)
			SetupLoadedEditorAssemblies (353ms)
				LogAssemblyErrors (0ms)
				InitializePlatformSupportModulesInManaged (11ms)
				SetLoadedEditorAssemblies (0ms)
				RefreshPlugins (106ms)
				BeforeProcessingInitializeOnLoad (2ms)
				ProcessInitializeOnLoadAttributes (170ms)
				ProcessInitializeOnLoadMethodAttributes (63ms)
				AfterProcessingInitializeOnLoad (0ms)
				EditorAssembliesLoaded (0ms)
			ExecutionOrderSort2 (0ms)
			AwakeInstancesAfterBackupRestoration (0ms)
Platform modules already initialized, skipping
Registering precompiled user dll's ...
Registered in 0.005701 seconds.
Begin MonoManager ReloadAssembly
Symbol file LoadedFromMemory doesn't match image D:\Unity Projects\LUDUM-XP222GAME\LUDUMDARE_XPXPXPXP\Library\PackageCache\com.unity.visualscripting@1.7.8\Editor\VisualScripting.Core\Dependencies\YamlDotNet\Unity.VisualScripting.YamlDotNet.dll
Symbol file LoadedFromMemory doesn't match image D:\Unity Projects\LUDUM-XP222GAME\LUDUMDARE_XPXPXPXP\Library\PackageCache\com.unity.visualscripting@1.7.8\Editor\VisualScripting.Core\Dependencies\DotNetZip\Unity.VisualScripting.IonicZip.dll
Native extension for WindowsStandalone target not found
Native extension for WebGL target not found
Refreshing native plugins compatible for Editor in 0.62 ms, found 3 plugins.
Preloading 0 native plugins for Editor in 0.00 ms.
Mono: successfully reloaded assembly
- Completed reload, in  1.341 seconds
Domain Reload Profiling:
	ReloadAssembly (1342ms)
		BeginReloadAssembly (137ms)
			ExecutionOrderSort (0ms)
			DisableScriptedObjects (9ms)
			BackupInstance (0ms)
			ReleaseScriptingObjects (0ms)
			CreateAndSetChildDomain (20ms)
		EndReloadAssembly (1057ms)
			LoadAssemblies (91ms)
			RebuildTransferFunctionScriptingTraits (0ms)
			SetupTypeCache (356ms)
			ReleaseScriptCaches (0ms)
			RebuildScriptCaches (67ms)
			SetupLoadedEditorAssemblies (482ms)
				LogAssemblyErrors (0ms)
				InitializePlatformSupportModulesInManaged (7ms)
				SetLoadedEditorAssemblies (1ms)
				RefreshPlugins (1ms)
				BeforeProcessingInitializeOnLoad (108ms)
				ProcessInitializeOnLoadAttributes (330ms)
				ProcessInitializeOnLoadMethodAttributes (32ms)
				AfterProcessingInitializeOnLoad (4ms)
				EditorAssembliesLoaded (0ms)
			ExecutionOrderSort2 (0ms)
			AwakeInstancesAfterBackupRestoration (8ms)
Platform modules already initialized, skipping
========================================================================
Worker process is ready to serve import requests
Launched and connected shader compiler UnityShaderCompiler.exe after 0.04 seconds
Refreshing native plugins compatible for Editor in 0.59 ms, found 3 plugins.
Preloading 0 native plugins for Editor in 0.00 ms.
Unloading 3387 Unused Serialized files (Serialized files now loaded: 0)
Unloading 25 unused Assets / (56.7 KB). Loaded Objects now: 3851.
Memory consumption went from 191.9 MB to 191.8 MB.
Total: 2.779300 ms (FindLiveObjects: 0.170500 ms CreateObjectMapping: 0.123800 ms MarkObjects: 2.406200 ms  DeleteObjects: 0.078000 ms)

AssetImportParameters requested are different than current active one (requested -> active):
  custom:video-decoder-ogg-theora: a1e56fd34408186e4bbccfd4996cb3dc -> 
  custom:container-muxer-webm: aa71ff27fc2769a1b78a27578f13a17b -> 
  custom:container-demuxer-webm: 4f35f7cbe854078d1ac9338744f61a02 -> 
  custom:video-encoder-webm-vp8: eb34c28f22e8b96e1ab97ce403110664 -> 
  custom:audio-encoder-webm-vorbis: bf7c407c2cedff20999df2af8eb42d56 -> 
  custom:framework-win-MediaFoundation: 216162199b28c13a410421893ffa2e32 -> 
  custom:container-demuxer-ogg: 62fdf1f143b41e24485cea50d1cbac27 -> 
  custom:video-decoder-webm-vp8: 9c59270c3fd7afecdb556c50c9e8de78 -> 
  custom:audio-decoder-ogg-vorbis: bf7c407c2cedff20999df2af8eb42d56 -> 
========================================================================
Received Import Request.
  Time since last request: 38920.297918 seconds.
  path: Assets/VsyakayaVeshnya 3/New Material.mat
  artifactKey: Guid(ce2e6042ee3653f47b39536fd10172fe) Importer(815301076,1909f56bfc062723c751e8b465ee728b)
Start importing Assets/VsyakayaVeshnya 3/New Material.mat using Guid(ce2e6042ee3653f47b39536fd10172fe) Importer(815301076,1909f56bfc062723c751e8b465ee728b)  -> (artifact id: 'd94d805acf623d251a73b1040bfa4a10') in 0.159226 seconds 
========================================================================
Received Import Request.
  Time since last request: 1.317014 seconds.
  path: Assets/VsyakayaVeshnya 3/ProBuilder Data
  artifactKey: Guid(947bd679b028ed148a1ddc27a9be198a) Importer(815301076,1909f56bfc062723c751e8b465ee728b)
Start importing Assets/VsyakayaVeshnya 3/ProBuilder Data using Guid(947bd679b028ed148a1ddc27a9be198a) Importer(815301076,1909f56bfc062723c751e8b465ee728b)  -> (artifact id: '13ddff8a9bd50cca3b2f8cd609d9fff4') in 0.008700 seconds 
========================================================================
Received Import Request.
  Time since last request: 0.396081 seconds.
  path: Assets/VsyakayaVeshnya 3/Material
  artifactKey: Guid(cc9389bc3fda4f846bac02e34adaf915) Importer(815301076,1909f56bfc062723c751e8b465ee728b)
Start importing Assets/VsyakayaVeshnya 3/Material using Guid(cc9389bc3fda4f846bac02e34adaf915) Importer(815301076,1909f56bfc062723c751e8b465ee728b)  -> (artifact id: '0be39d1ebd04c9c6515feededb3876eb') in 0.008674 seconds 
========================================================================
Received Import Request.
  Time since last request: 0.264882 seconds.
  path: Assets/VsyakayaVeshnya 3/Props
  artifactKey: Guid(f9398ec6d421e0f4fb4c51ebbf5f683e) Importer(815301076,1909f56bfc062723c751e8b465ee728b)
Start importing Assets/VsyakayaVeshnya 3/Props using Guid(f9398ec6d421e0f4fb4c51ebbf5f683e) Importer(815301076,1909f56bfc062723c751e8b465ee728b)  -> (artifact id: '6f08262140643da0ae44e8c9740548ac') in 0.008642 seconds 
========================================================================
Received Import Request.
  Time since last request: 0.280599 seconds.
  path: Assets/VsyakayaVeshnya 3/Scenes
  artifactKey: Guid(2c4e7ff436c749b429c589b614f6c12b) Importer(815301076,1909f56bfc062723c751e8b465ee728b)
Start importing Assets/VsyakayaVeshnya 3/Scenes using Guid(2c4e7ff436c749b429c589b614f6c12b) Importer(815301076,1909f56bfc062723c751e8b465ee728b)  -> (artifact id: '1dd1a4e8e0c76a051f09390de35d43ba') in 0.008165 seconds 
========================================================================
Received Import Request.
  Time since last request: 3.598949 seconds.
  path: Assets/VsyakayaVeshnya 3/Scenes/chelikanim2 (1) Variant.prefab
  artifactKey: Guid(426be17b1fe3c924ba6f21e5d7557431) Importer(815301076,1909f56bfc062723c751e8b465ee728b)
Start importing Assets/VsyakayaVeshnya 3/Scenes/chelikanim2 (1) Variant.prefab using Guid(426be17b1fe3c924ba6f21e5d7557431) Importer(815301076,1909f56bfc062723c751e8b465ee728b)  -> (artifact id: '769d70c7f60436bb36d3d10e60200bc6') in 0.347632 seconds 
========================================================================
Received Import Request.
  Time since last request: 7.423577 seconds.
  path: Assets/VsyakayaVeshnya 3/Props/chelikanim2.fbx
  artifactKey: Guid(40f0a5877b1c6cb48a09aac7f3328f7e) Importer(815301076,1909f56bfc062723c751e8b465ee728b)
Start importing Assets/VsyakayaVeshnya 3/Props/chelikanim2.fbx using Guid(40f0a5877b1c6cb48a09aac7f3328f7e) Importer(815301076,1909f56bfc062723c751e8b465ee728b)  -> (artifact id: '8edbec2490121cecf9799266d91d87d8') in 0.082880 seconds 
========================================================================
Received Import Request.
  Time since last request: 0.000026 seconds.
  path: Assets/VsyakayaVeshnya 3/Props/LevelLayout.fbx
  artifactKey: Guid(6c4d949f6e1082b49995da85ce8f3c8a) Importer(815301076,1909f56bfc062723c751e8b465ee728b)
Start importing Assets/VsyakayaVeshnya 3/Props/LevelLayout.fbx using Guid(6c4d949f6e1082b49995da85ce8f3c8a) Importer(815301076,1909f56bfc062723c751e8b465ee728b)  -> (artifact id: '604fa9b5ed785889e81dcc56542d9663') in 0.318485 seconds 
========================================================================
Received Import Request.
  Time since last request: 0.000025 seconds.
  path: Assets/VsyakayaVeshnya 3/Props/plinth 1.fbx
  artifactKey: Guid(3b7e6add30d8ba24f8d7a2311f6fb14a) Importer(815301076,1909f56bfc062723c751e8b465ee728b)
Start importing Assets/VsyakayaVeshnya 3/Props/plinth 1.fbx using Guid(3b7e6add30d8ba24f8d7a2311f6fb14a) Importer(815301076,1909f56bfc062723c751e8b465ee728b)  -> (artifact id: '8cea0b7791fae399c41810898656b4ce') in 0.059974 seconds 
========================================================================
Received Import Request.
  Time since last request: 0.000034 seconds.
  path: Assets/VsyakayaVeshnya 3/Props/organic.fbx
  artifactKey: Guid(2274af908c206dc4cbd92f2672d02dc9) Importer(815301076,1909f56bfc062723c751e8b465ee728b)
Start importing Assets/VsyakayaVeshnya 3/Props/organic.fbx using Guid(2274af908c206dc4cbd92f2672d02dc9) Importer(815301076,1909f56bfc062723c751e8b465ee728b)  -> (artifact id: 'bad39915210ce999522c667d07705015') in 0.083470 seconds 
========================================================================
Received Import Request.
  Time since last request: 0.121513 seconds.
  path: Assets/VsyakayaVeshnya 3/ProBuilder Data/Default Color Palette.asset
  artifactKey: Guid(938c706e3144c994fac45f09253c2aad) Importer(815301076,1909f56bfc062723c751e8b465ee728b)
Start importing Assets/VsyakayaVeshnya 3/ProBuilder Data/Default Color Palette.asset using Guid(938c706e3144c994fac45f09253c2aad) Importer(815301076,1909f56bfc062723c751e8b465ee728b)  -> (artifact id: '7552d83167f98395ae5d53cd893aac87') in 0.011542 seconds 
========================================================================
Received Import Request.
  Time since last request: 1.853734 seconds.
  path: Assets/VsyakayaVeshnya 3/Material/chelikanim2.fbx
  artifactKey: Guid(40869f1cee5316444be7a6231617005e) Importer(815301076,1909f56bfc062723c751e8b465ee728b)
Start importing Assets/VsyakayaVeshnya 3/Material/chelikanim2.fbx using Guid(40869f1cee5316444be7a6231617005e) Importer(815301076,1909f56bfc062723c751e8b465ee728b)  -> (artifact id: '7b67cedad93e65f282165031acf13043') in 0.030800 seconds 
========================================================================
Received Import Request.
  Time since last request: 0.000028 seconds.
  path: Assets/VsyakayaVeshnya 3/Material/New Material 5.mat
  artifactKey: Guid(088c421436f3acc49bad404bf245872a) Importer(815301076,1909f56bfc062723c751e8b465ee728b)
Start importing Assets/VsyakayaVeshnya 3/Material/New Material 5.mat using Guid(088c421436f3acc49bad404bf245872a) Importer(815301076,1909f56bfc062723c751e8b465ee728b)  -> (artifact id: 'b1f136fb5bf9122693b753bda3010252') in 0.016886 seconds 
========================================================================
Received Import Request.
  Time since last request: 0.000030 seconds.
  path: Assets/VsyakayaVeshnya 3/Material/enemynormal.png
  artifactKey: Guid(a9b328d0cb447c44b921d2289d9e85d4) Importer(815301076,1909f56bfc062723c751e8b465ee728b)
Start importing Assets/VsyakayaVeshnya 3/Material/enemynormal.png using Guid(a9b328d0cb447c44b921d2289d9e85d4) Importer(815301076,1909f56bfc062723c751e8b465ee728b)  -> (artifact id: '5a55cd385a5bed79af8cfcf8758c1980') in 0.042353 seconds 
========================================================================
Received Import Request.
  Time since last request: 0.000022 seconds.
  path: Assets/VsyakayaVeshnya 3/Material/New Material 4.mat
  artifactKey: Guid(c410c2669a7384c429205dacc19d8fa0) Importer(815301076,1909f56bfc062723c751e8b465ee728b)
Start importing Assets/VsyakayaVeshnya 3/Material/New Material 4.mat using Guid(c410c2669a7384c429205dacc19d8fa0) Importer(815301076,1909f56bfc062723c751e8b465ee728b)  -> (artifact id: 'def1d0b8855f754ae55b40e1d040d30b') in 0.016804 seconds 
========================================================================
Received Import Request.
  Time since last request: 0.000027 seconds.
  path: Assets/VsyakayaVeshnya 3/Material/New Material 1.mat
  artifactKey: Guid(0e7493ae3def232499a95c4cbab4f071) Importer(815301076,1909f56bfc062723c751e8b465ee728b)
Start importing Assets/VsyakayaVeshnya 3/Material/New Material 1.mat using Guid(0e7493ae3def232499a95c4cbab4f071) Importer(815301076,1909f56bfc062723c751e8b465ee728b)  -> (artifact id: 'ae71cac4bb4cc32e681078762fd4187f') in 0.016624 seconds 
========================================================================
Received Import Request.
  Time since last request: 0.000024 seconds.
  path: Assets/VsyakayaVeshnya 3/Material/New Material 11.mat
  artifactKey: Guid(e6cd116a3f762df4282de219df108667) Importer(815301076,1909f56bfc062723c751e8b465ee728b)
Start importing Assets/VsyakayaVeshnya 3/Material/New Material 11.mat using Guid(e6cd116a3f762df4282de219df108667) Importer(815301076,1909f56bfc062723c751e8b465ee728b)  -> (artifact id: 'c307259779c51c872f34413f1bd50884') in 0.015412 seconds 
========================================================================
Received Import Request.
  Time since last request: 0.000026 seconds.
  path: Assets/VsyakayaVeshnya 3/Material/New Material 10.mat
  artifactKey: Guid(b7fc33e8eff4cf249a53b3fe99730a61) Importer(815301076,1909f56bfc062723c751e8b465ee728b)
Start importing Assets/VsyakayaVeshnya 3/Material/New Material 10.mat using Guid(b7fc33e8eff4cf249a53b3fe99730a61) Importer(815301076,1909f56bfc062723c751e8b465ee728b)  -> (artifact id: '3f2489ae53b45086d558c017d6efa1b7') in 0.017303 seconds 
========================================================================
Received Import Request.
  Time since last request: 0.000036 seconds.
  path: Assets/VsyakayaVeshnya 3/Material/New Material 7.mat
  artifactKey: Guid(80009d51341e2d04ca4321680b4edd9e) Importer(815301076,1909f56bfc062723c751e8b465ee728b)
Start importing Assets/VsyakayaVeshnya 3/Material/New Material 7.mat using Guid(80009d51341e2d04ca4321680b4edd9e) Importer(815301076,1909f56bfc062723c751e8b465ee728b)  -> (artifact id: 'd81f515a47a646cfa13b388c62ba6bce') in 0.015475 seconds 
========================================================================
Received Import Request.
  Time since last request: 0.000024 seconds.
  path: Assets/VsyakayaVeshnya 3/Material/New Material 6.mat
  artifactKey: Guid(c19c642703ea21642920a9c7070dcfc1) Importer(815301076,1909f56bfc062723c751e8b465ee728b)
Start importing Assets/VsyakayaVeshnya 3/Material/New Material 6.mat using Guid(c19c642703ea21642920a9c7070dcfc1) Importer(815301076,1909f56bfc062723c751e8b465ee728b)  -> (artifact id: '2f7c59cb2665e4e478cec0182111d8a4') in 0.016469 seconds 
========================================================================
Received Import Request.
  Time since last request: 0.000024 seconds.
  path: Assets/VsyakayaVeshnya 3/Material/New Material 8.mat
  artifactKey: Guid(6c0d424a92d345443b225641538a00ce) Importer(815301076,1909f56bfc062723c751e8b465ee728b)
Start importing Assets/VsyakayaVeshnya 3/Material/New Material 8.mat using Guid(6c0d424a92d345443b225641538a00ce) Importer(815301076,1909f56bfc062723c751e8b465ee728b)  -> (artifact id: '31d84902a8e6658d08f6a62c0b0f7e59') in 0.016186 seconds 
========================================================================
Received Import Request.
  Time since last request: 0.000029 seconds.
  path: Assets/VsyakayaVeshnya 3/Material/New Material 2.mat
  artifactKey: Guid(8c7913b32ff65104988ac919503ef2ed) Importer(815301076,1909f56bfc062723c751e8b465ee728b)
Start importing Assets/VsyakayaVeshnya 3/Material/New Material 2.mat using Guid(8c7913b32ff65104988ac919503ef2ed) Importer(815301076,1909f56bfc062723c751e8b465ee728b)  -> (artifact id: '1e45e3b291ca4ec0fecadd8d77bbc27a') in 0.016047 seconds 
========================================================================
Received Import Request.
  Time since last request: 0.000029 seconds.
  path: Assets/VsyakayaVeshnya 3/Material/New Material 9.mat
  artifactKey: Guid(9d32770947ebf214196f38364f07bd47) Importer(815301076,1909f56bfc062723c751e8b465ee728b)
Start importing Assets/VsyakayaVeshnya 3/Material/New Material 9.mat using Guid(9d32770947ebf214196f38364f07bd47) Importer(815301076,1909f56bfc062723c751e8b465ee728b)  -> (artifact id: '29e80775ee92cdac81cf968ced9e8834') in 0.015250 seconds 
Editor requested this worker to shutdown with reason: Scaling down because of idle timeout
AssetImportWorker is now disconnected from the server
Process exiting
Exiting without the bug reporter. Application will terminate with return code 0