Using pre-set license
Built from '2021.3/evg/staging/82bb020e-b03b1330/draft-0' branch; Version is '2021.3.16f1 (4016570cf34f) revision 4200023'; Using compiler version '192829333'; Build Type 'Release'
OS: 'Windows 10  (10.0.19045) 64bit Core' Language: 'ru' Physical Memory: 32536 MB
BatchMode: 1, IsHumanControllingUs: 0, StartBugReporterOnCrash: 0, Is64bit: 1, IsPro: 1

COMMAND LINE ARGUMENTS:
D:\UnityVersions\2021.3.16f1\Editor\Unity.exe
-adb2
-batchMode
-noUpm
-name
AssetImportWorker1
-projectPath
D:/Unity Projects/LUDUM-XP222GAME/LUDUMDARE_XPXPXPXP
-logFile
Logs/AssetImportWorker1.log
-srvPort
59274
Successfully changed project path to: D:/Unity Projects/LUDUM-XP222GAME/LUDUMDARE_XPXPXPXP
D:/Unity Projects/LUDUM-XP222GAME/LUDUMDARE_XPXPXPXP
[UnityMemory] Configuration Parameters - Can be set up in boot.config
    "memorysetup-bucket-allocator-granularity=16"
    "memorysetup-bucket-allocator-bucket-count=8"
    "memorysetup-bucket-allocator-block-size=33554432"
    "memorysetup-bucket-allocator-block-count=8"
    "memorysetup-main-allocator-block-size=16777216"
    "memorysetup-thread-allocator-block-size=16777216"
    "memorysetup-gfx-main-allocator-block-size=16777216"
    "memorysetup-gfx-thread-allocator-block-size=16777216"
    "memorysetup-cache-allocator-block-size=4194304"
    "memorysetup-typetree-allocator-block-size=2097152"
    "memorysetup-profiler-bucket-allocator-granularity=16"
    "memorysetup-profiler-bucket-allocator-bucket-count=8"
    "memorysetup-profiler-bucket-allocator-block-size=33554432"
    "memorysetup-profiler-bucket-allocator-block-count=8"
    "memorysetup-profiler-allocator-block-size=16777216"
    "memorysetup-profiler-editor-allocator-block-size=1048576"
    "memorysetup-temp-allocator-size-main=16777216"
    "memorysetup-job-temp-allocator-block-size=2097152"
    "memorysetup-job-temp-allocator-block-size-background=1048576"
    "memorysetup-job-temp-allocator-reduction-small-platforms=262144"
    "memorysetup-temp-allocator-size-background-worker=32768"
    "memorysetup-temp-allocator-size-job-worker=262144"
    "memorysetup-temp-allocator-size-preload-manager=33554432"
    "memorysetup-temp-allocator-size-nav-mesh-worker=65536"
    "memorysetup-temp-allocator-size-audio-worker=65536"
    "memorysetup-temp-allocator-size-cloud-worker=32768"
    "memorysetup-temp-allocator-size-gi-baking-worker=262144"
    "memorysetup-temp-allocator-size-gfx=262144"
Player connection [13132] Host "[IP] 192.168.100.19 [Port] 0 [Flags] 2 [Guid] 2498938879 [EditorId] 2498938879 [Version] 1048832 [Id] WindowsEditor(7,DESKTOP-KL6D0JQ) [Debug] 1 [PackageName] WindowsEditor [ProjectName] Editor" joined multi-casting on [225.0.0.222:54997]...

Player connection [13132] Host "[IP] 192.168.100.19 [Port] 0 [Flags] 2 [Guid] 2498938879 [EditorId] 2498938879 [Version] 1048832 [Id] WindowsEditor(7,DESKTOP-KL6D0JQ) [Debug] 1 [PackageName] WindowsEditor [ProjectName] Editor" joined alternative multi-casting on [225.0.0.222:34997]...

Refreshing native plugins compatible for Editor in 104.70 ms, found 3 plugins.
Preloading 0 native plugins for Editor in 0.00 ms.
Initialize engine version: 2021.3.16f1 (4016570cf34f)
[Subsystems] Discovering subsystems at path D:/UnityVersions/2021.3.16f1/Editor/Data/Resources/UnitySubsystems
[Subsystems] Discovering subsystems at path D:/Unity Projects/LUDUM-XP222GAME/LUDUMDARE_XPXPXPXP/Assets
GfxDevice: creating device client; threaded=0; jobified=0
Direct3D:
    Version:  Direct3D 11.0 [level 11.1]
    Renderer: NVIDIA GeForce RTX 3080 (ID=0x2206)
    Vendor:   NVIDIA
    VRAM:     10067 MB
    Driver:   31.0.15.3742
Initialize mono
Mono path[0] = 'D:/UnityVersions/2021.3.16f1/Editor/Data/Managed'
Mono path[1] = 'D:/UnityVersions/2021.3.16f1/Editor/Data/MonoBleedingEdge/lib/mono/unityjit-win32'
Mono config path = 'D:/UnityVersions/2021.3.16f1/Editor/Data/MonoBleedingEdge/etc'
Using monoOptions --debugger-agent=transport=dt_socket,embedding=1,server=y,suspend=n,address=127.0.0.1:56268
Begin MonoManager ReloadAssembly
Registering precompiled unity dll's ...
Register platform support module: D:/UnityVersions/2021.3.16f1/Editor/Data/PlaybackEngines/WebGLSupport/UnityEditor.WebGL.Extensions.dll
Register platform support module: D:/UnityVersions/2021.3.16f1/Editor/Data/PlaybackEngines/WindowsStandaloneSupport/UnityEditor.WindowsStandalone.Extensions.dll
Registered in 0.003738 seconds.
Native extension for WindowsStandalone target not found
Native extension for WebGL target not found
Refreshing native plugins compatible for Editor in 106.69 ms, found 3 plugins.
Preloading 0 native plugins for Editor in 0.00 ms.
Mono: successfully reloaded assembly
- Completed reload, in  0.828 seconds
Domain Reload Profiling:
	ReloadAssembly (829ms)
		BeginReloadAssembly (94ms)
			ExecutionOrderSort (0ms)
			DisableScriptedObjects (0ms)
			BackupInstance (0ms)
			ReleaseScriptingObjects (0ms)
			CreateAndSetChildDomain (1ms)
		EndReloadAssembly (598ms)
			LoadAssemblies (92ms)
			RebuildTransferFunctionScriptingTraits (0ms)
			SetupTypeCache (143ms)
			ReleaseScriptCaches (0ms)
			RebuildScriptCaches (37ms)
			SetupLoadedEditorAssemblies (351ms)
				LogAssemblyErrors (0ms)
				InitializePlatformSupportModulesInManaged (10ms)
				SetLoadedEditorAssemblies (0ms)
				RefreshPlugins (107ms)
				BeforeProcessingInitializeOnLoad (2ms)
				ProcessInitializeOnLoadAttributes (170ms)
				ProcessInitializeOnLoadMethodAttributes (62ms)
				AfterProcessingInitializeOnLoad (0ms)
				EditorAssembliesLoaded (0ms)
			ExecutionOrderSort2 (0ms)
			AwakeInstancesAfterBackupRestoration (0ms)
Platform modules already initialized, skipping
Registering precompiled user dll's ...
Registered in 0.005303 seconds.
Begin MonoManager ReloadAssembly
Symbol file LoadedFromMemory doesn't match image D:\Unity Projects\LUDUM-XP222GAME\LUDUMDARE_XPXPXPXP\Library\PackageCache\com.unity.visualscripting@1.7.8\Editor\VisualScripting.Core\Dependencies\YamlDotNet\Unity.VisualScripting.YamlDotNet.dll
Symbol file LoadedFromMemory doesn't match image D:\Unity Projects\LUDUM-XP222GAME\LUDUMDARE_XPXPXPXP\Library\PackageCache\com.unity.visualscripting@1.7.8\Editor\VisualScripting.Core\Dependencies\DotNetZip\Unity.VisualScripting.IonicZip.dll
Native extension for WindowsStandalone target not found
Native extension for WebGL target not found
Refreshing native plugins compatible for Editor in 0.58 ms, found 3 plugins.
Preloading 0 native plugins for Editor in 0.00 ms.
Mono: successfully reloaded assembly
- Completed reload, in  1.322 seconds
Domain Reload Profiling:
	ReloadAssembly (1323ms)
		BeginReloadAssembly (120ms)
			ExecutionOrderSort (0ms)
			DisableScriptedObjects (9ms)
			BackupInstance (0ms)
			ReleaseScriptingObjects (0ms)
			CreateAndSetChildDomain (21ms)
		EndReloadAssembly (1056ms)
			LoadAssemblies (86ms)
			RebuildTransferFunctionScriptingTraits (0ms)
			SetupTypeCache (349ms)
			ReleaseScriptCaches (0ms)
			RebuildScriptCaches (67ms)
			SetupLoadedEditorAssemblies (483ms)
				LogAssemblyErrors (0ms)
				InitializePlatformSupportModulesInManaged (8ms)
				SetLoadedEditorAssemblies (1ms)
				RefreshPlugins (1ms)
				BeforeProcessingInitializeOnLoad (107ms)
				ProcessInitializeOnLoadAttributes (329ms)
				ProcessInitializeOnLoadMethodAttributes (34ms)
				AfterProcessingInitializeOnLoad (4ms)
				EditorAssembliesLoaded (0ms)
			ExecutionOrderSort2 (0ms)
			AwakeInstancesAfterBackupRestoration (7ms)
Platform modules already initialized, skipping
========================================================================
Worker process is ready to serve import requests
Launched and connected shader compiler UnityShaderCompiler.exe after 0.04 seconds
Refreshing native plugins compatible for Editor in 0.45 ms, found 3 plugins.
Preloading 0 native plugins for Editor in 0.00 ms.
Unloading 3387 Unused Serialized files (Serialized files now loaded: 0)
Unloading 25 unused Assets / (56.7 KB). Loaded Objects now: 3851.
Memory consumption went from 192.0 MB to 192.0 MB.
Total: 2.576900 ms (FindLiveObjects: 0.302900 ms CreateObjectMapping: 0.098400 ms MarkObjects: 2.093100 ms  DeleteObjects: 0.081200 ms)

AssetImportParameters requested are different than current active one (requested -> active):
  custom:video-decoder-ogg-theora: a1e56fd34408186e4bbccfd4996cb3dc -> 
  custom:container-muxer-webm: aa71ff27fc2769a1b78a27578f13a17b -> 
  custom:container-demuxer-webm: 4f35f7cbe854078d1ac9338744f61a02 -> 
  custom:video-encoder-webm-vp8: eb34c28f22e8b96e1ab97ce403110664 -> 
  custom:audio-encoder-webm-vorbis: bf7c407c2cedff20999df2af8eb42d56 -> 
  custom:framework-win-MediaFoundation: 216162199b28c13a410421893ffa2e32 -> 
  custom:container-demuxer-ogg: 62fdf1f143b41e24485cea50d1cbac27 -> 
  custom:video-decoder-webm-vp8: 9c59270c3fd7afecdb556c50c9e8de78 -> 
  custom:audio-decoder-ogg-vorbis: bf7c407c2cedff20999df2af8eb42d56 -> 
========================================================================
Received Import Request.
  Time since last request: 38920.282011 seconds.
  path: Assets/VsyakayaVeshnya 3
  artifactKey: Guid(00f29f07db3bda34ab73ae365bdd71eb) Importer(815301076,1909f56bfc062723c751e8b465ee728b)
Start importing Assets/VsyakayaVeshnya 3 using Guid(00f29f07db3bda34ab73ae365bdd71eb) Importer(815301076,1909f56bfc062723c751e8b465ee728b)  -> (artifact id: '44d9f019830f1d2cc6712c3d0d9f9c04') in 0.012111 seconds 
========================================================================
Received Import Request.
  Time since last request: 13.853182 seconds.
  path: Assets/VsyakayaVeshnya 3/Props/Hospitalprops.fbx
  artifactKey: Guid(de02b91346f22564c818dba0b88767d6) Importer(815301076,1909f56bfc062723c751e8b465ee728b)
Start importing Assets/VsyakayaVeshnya 3/Props/Hospitalprops.fbx using Guid(de02b91346f22564c818dba0b88767d6) Importer(815301076,1909f56bfc062723c751e8b465ee728b)  -> (artifact id: 'b9dd4fee74f251d589680b237ff1e249') in 0.316996 seconds 
========================================================================
Received Import Request.
  Time since last request: 0.000031 seconds.
  path: Assets/VsyakayaVeshnya 3/Props/plinth.fbx
  artifactKey: Guid(797a153ac2df02a4c99f379e783a0d04) Importer(815301076,1909f56bfc062723c751e8b465ee728b)
Start importing Assets/VsyakayaVeshnya 3/Props/plinth.fbx using Guid(797a153ac2df02a4c99f379e783a0d04) Importer(815301076,1909f56bfc062723c751e8b465ee728b)  -> (artifact id: '39a35d8c030cd85ef221d86985947f2f') in 0.408039 seconds 
========================================================================
Received Import Request.
  Time since last request: 1.824832 seconds.
  path: Assets/VsyakayaVeshnya 3/Material/enemybasecolor.png
  artifactKey: Guid(71f6ea1f6ab8c77439c105801d940790) Importer(815301076,1909f56bfc062723c751e8b465ee728b)
Start importing Assets/VsyakayaVeshnya 3/Material/enemybasecolor.png using Guid(71f6ea1f6ab8c77439c105801d940790) Importer(815301076,1909f56bfc062723c751e8b465ee728b)  -> (artifact id: '2dedd3970f439fd65a730f93855159e3') in 0.038935 seconds 
========================================================================
Received Import Request.
  Time since last request: 0.000026 seconds.
  path: Assets/VsyakayaVeshnya 3/Material/New Material 12.mat
  artifactKey: Guid(59ebbf762862b7e40b25cb199d47b47f) Importer(815301076,1909f56bfc062723c751e8b465ee728b)
Start importing Assets/VsyakayaVeshnya 3/Material/New Material 12.mat using Guid(59ebbf762862b7e40b25cb199d47b47f) Importer(815301076,1909f56bfc062723c751e8b465ee728b)  -> (artifact id: '44ec110fb04c9214fb49f9fc4feeff8e') in 0.019700 seconds 
========================================================================
Received Import Request.
  Time since last request: 0.000032 seconds.
  path: Assets/VsyakayaVeshnya 3/Material/New Material.mat
  artifactKey: Guid(555ba1a4d43c156418944a2a00546d18) Importer(815301076,1909f56bfc062723c751e8b465ee728b)
Start importing Assets/VsyakayaVeshnya 3/Material/New Material.mat using Guid(555ba1a4d43c156418944a2a00546d18) Importer(815301076,1909f56bfc062723c751e8b465ee728b)  -> (artifact id: '60dcbdf86462562547a30d6c20d3907e') in 0.017697 seconds 
========================================================================
Received Import Request.
  Time since last request: 0.000026 seconds.
  path: Assets/VsyakayaVeshnya 3/Material/New Material 3.mat
  artifactKey: Guid(9716db154379d4a4aa554ef1a5d14579) Importer(815301076,1909f56bfc062723c751e8b465ee728b)
Start importing Assets/VsyakayaVeshnya 3/Material/New Material 3.mat using Guid(9716db154379d4a4aa554ef1a5d14579) Importer(815301076,1909f56bfc062723c751e8b465ee728b)  -> (artifact id: 'a53f2d18ebaf9459c58d9a146c8509db') in 0.014682 seconds 
========================================================================
Received Import Request.
  Time since last request: 0.000019 seconds.
  path: Assets/VsyakayaVeshnya 3/Material/gg.mat
  artifactKey: Guid(dabba9acb93078f408e70f095a9fc7d4) Importer(815301076,1909f56bfc062723c751e8b465ee728b)
Start importing Assets/VsyakayaVeshnya 3/Material/gg.mat using Guid(dabba9acb93078f408e70f095a9fc7d4) Importer(815301076,1909f56bfc062723c751e8b465ee728b)  -> (artifact id: 'da1fc2380b0bc35bb0c1b2b143acefbd') in 0.311843 seconds 
========================================================================
Received Import Request.
  Time since last request: 247.510390 seconds.
  path: Assets/_Presentation/Prefabs/Bullet.prefab
  artifactKey: Guid(550a00561abeea546911a6c32f1b4b0a) Importer(815301076,1909f56bfc062723c751e8b465ee728b)
Start importing Assets/_Presentation/Prefabs/Bullet.prefab using Guid(550a00561abeea546911a6c32f1b4b0a) Importer(815301076,1909f56bfc062723c751e8b465ee728b)  -> (artifact id: '2ce6a44272e27845b41074308a890aaa') in 0.027834 seconds 
========================================================================
Received Import Request.
  Time since last request: 0.000036 seconds.
  path: Assets/_Presentation/Prefabs/Level2.prefab
  artifactKey: Guid(75b59d44919db834bbe32434ee349954) Importer(815301076,1909f56bfc062723c751e8b465ee728b)
Start importing Assets/_Presentation/Prefabs/Level2.prefab using Guid(75b59d44919db834bbe32434ee349954) Importer(815301076,1909f56bfc062723c751e8b465ee728b)  -> (artifact id: '09e9cb23e20194375ebaf5665238a6fc') in 0.095256 seconds 
========================================================================
Received Import Request.
  Time since last request: 0.000036 seconds.
  path: Assets/_Presentation/Prefabs/Enemy.prefab
  artifactKey: Guid(82e7b84ba33994d4781bab9b153e721a) Importer(815301076,1909f56bfc062723c751e8b465ee728b)
Start importing Assets/_Presentation/Prefabs/Enemy.prefab using Guid(82e7b84ba33994d4781bab9b153e721a) Importer(815301076,1909f56bfc062723c751e8b465ee728b)  -> (artifact id: 'ff99697d9ec63f6e7a021568ee1950bd') in 0.041608 seconds 
========================================================================
Received Import Request.
  Time since last request: 0.000026 seconds.
  path: Assets/_Presentation/Prefabs/Portal.prefab
  artifactKey: Guid(992adeaa3e43d9a4bba5050498449b83) Importer(815301076,1909f56bfc062723c751e8b465ee728b)
Start importing Assets/_Presentation/Prefabs/Portal.prefab using Guid(992adeaa3e43d9a4bba5050498449b83) Importer(815301076,1909f56bfc062723c751e8b465ee728b)  -> (artifact id: '4252545701099dfd5b411dcac8b52617') in 0.015212 seconds 
========================================================================
Received Import Request.
  Time since last request: 0.000029 seconds.
  path: Assets/_Presentation/Prefabs/Level1.prefab
  artifactKey: Guid(e5b7e80cf23e92c489e1ecbde85b88e1) Importer(815301076,1909f56bfc062723c751e8b465ee728b)
Start importing Assets/_Presentation/Prefabs/Level1.prefab using Guid(e5b7e80cf23e92c489e1ecbde85b88e1) Importer(815301076,1909f56bfc062723c751e8b465ee728b)  -> (artifact id: 'db10ed06ac38d81e2280195464410843') in 0.051390 seconds 
Editor requested this worker to shutdown with reason: Scaling down because of idle timeout
AssetImportWorker is now disconnected from the server
Process exiting
Exiting without the bug reporter. Application will terminate with return code 0